<?xml version="1.0" encoding="UTF-8"?>
<testng-results skipped="0" failed="0" ignored="0" total="1" passed="1">
  <reporter-output>
  </reporter-output>
  <suite name="Default suite" duration-ms="15870" started-at="2018-06-20T20:52:28Z" finished-at="2018-06-20T20:52:44Z">
    <groups>
    </groups>
    <test name="Default test" duration-ms="15870" started-at="2018-06-20T20:52:28Z" finished-at="2018-06-20T20:52:44Z">
      <class name="com.prestashop.tests.PositiveScenarios">
        <test-method status="PASS" signature="setUp()[pri:0, instance:com.prestashop.tests.PositiveScenarios@22a2e581]" name="setUp" is-config="true" duration-ms="4024" started-at="2018-06-20T20:52:28Z" finished-at="2018-06-20T20:52:32Z">
          <reporter-output>
          </reporter-output>
        </test-method> <!-- setUp -->
        <test-method status="PASS" signature="loginTest()[pri:0, instance:com.prestashop.tests.PositiveScenarios@22a2e581]" name="loginTest" duration-ms="11828" started-at="2018-06-20T20:52:32Z" finished-at="2018-06-20T20:52:44Z">
          <reporter-output>
          </reporter-output>
        </test-method> <!-- loginTest -->
      </class> <!-- com.prestashop.tests.PositiveScenarios -->
    </test> <!-- Default test -->
  </suite> <!-- Default suite -->
</testng-results>
